2018-Aug-24 00:06:01.602 INFO  [restartedMain] c.t.SpringBootLearning - Starting SpringBootLearning on DESKTOP-98BAMO0 with PID 836 (F:\sts-workspace\spring-boot-sample\spring-boot-sample\target\classes started by tech prudent in F:\sts-workspace\spring-boot-sample\spring-boot-sample)
2018-Aug-24 00:06:01.615 INFO  [restartedMain] c.t.SpringBootLearning - The following profiles are active: dev
2018-Aug-24 00:06:01.701 INFO  [restartedMain] o.s.b.w.s.c.AnnotationConfigServletWebServerApplicationContext - Refreshing org.springframework.boot.web.servlet.context.AnnotationConfigServletWebServerApplicationContext@2f1795b1: startup date [Fri Aug 24 00:06:01 IST 2018]; root of context hierarchy
2018-Aug-24 00:06:05.568 INFO  [restartedMain] o.s.b.w.e.t.TomcatWebServer - Tomcat initialized with port(s): 8080 (http)
2018-Aug-24 00:06:05.605 INFO  [restartedMain] o.a.c.c.StandardService - Starting service [Tomcat]
2018-Aug-24 00:06:05.606 INFO  [restartedMain] o.a.c.c.StandardEngine - Starting Servlet Engine: Apache Tomcat/8.5.32
2018-Aug-24 00:06:05.615 INFO  [localhost-startStop-1] o.a.c.c.AprLifecycleListener - The APR based Apache Tomcat Native library which allows optimal performance in production environments was not found on the java.library.path: [C:\Program Files\Java\jdk1.8.0_181\bin;C:\Windows\Sun\Java\bin;C:\Windows\system32;C:\Windows;C:/Program Files/Java/jre1.8.0_181/bin/server;C:/Program Files/Java/jre1.8.0_181/bin;C:/Program Files/Java/jre1.8.0_181/lib/amd64;C:\Program Files (x86)\Common Files\Oracle\Java\javapath;C:\Windows\system32;C:\Windows;C:\Windows\System32\Wbem;C:\Windows\System32\WindowsPowerShell\v1.0\;C:\spring-roo-2.0.0.RELEASE\bin;C:\apache-maven-3.5.4\bin;C:\Program Files\Git\cmd; C:\Program Files\Java\jdk1.8.0_181\bin;C:\spring-boot-cli-2.0.4.RELEASE-bin\spring-2.0.4.RELEASE\bin;;F:\software\sts-bundle\sts-3.9.5.RELEASE;;.]
2018-Aug-24 00:06:05.778 INFO  [localhost-startStop-1] o.a.c.c.C.[.[.[/] - Initializing Spring embedded WebApplicationContext
2018-Aug-24 00:06:05.779 INFO  [localhost-startStop-1] o.s.w.c.ContextLoader - Root WebApplicationContext: initialization completed in 4078 ms
2018-Aug-24 00:06:07.006 INFO  [localhost-startStop-1] o.s.b.w.s.FilterRegistrationBean - Mapping filter: 'characterEncodingFilter' to: [/*]
2018-Aug-24 00:06:07.008 INFO  [localhost-startStop-1] o.s.b.w.s.FilterRegistrationBean - Mapping filter: 'webMvcMetricsFilter' to: [/*]
2018-Aug-24 00:06:07.008 INFO  [localhost-startStop-1] o.s.b.w.s.FilterRegistrationBean - Mapping filter: 'hiddenHttpMethodFilter' to: [/*]
2018-Aug-24 00:06:07.009 INFO  [localhost-startStop-1] o.s.b.w.s.FilterRegistrationBean - Mapping filter: 'httpPutFormContentFilter' to: [/*]
2018-Aug-24 00:06:07.009 INFO  [localhost-startStop-1] o.s.b.w.s.FilterRegistrationBean - Mapping filter: 'requestContextFilter' to: [/*]
2018-Aug-24 00:06:07.010 INFO  [localhost-startStop-1] o.s.b.w.s.DelegatingFilterProxyRegistrationBean - Mapping filter: 'springSecurityFilterChain' to: [/*]
2018-Aug-24 00:06:07.011 INFO  [localhost-startStop-1] o.s.b.w.s.FilterRegistrationBean - Mapping filter: 'httpTraceFilter' to: [/*]
2018-Aug-24 00:06:07.011 INFO  [localhost-startStop-1] o.s.b.w.s.ServletRegistrationBean - Servlet dispatcherServlet mapped to [/]
2018-Aug-24 00:06:07.085 INFO  [restartedMain] c.t.log.LogTest - 

2018-Aug-24 00:06:07.086 INFO  [restartedMain] c.t.log.LogTest - INFO Message
2018-Aug-24 00:06:07.086 WARN  [restartedMain] c.t.log.LogTest - WARN Message
2018-Aug-24 00:06:07.086 ERROR [restartedMain] c.t.log.LogTest - ERROR Message
2018-Aug-24 00:06:07.086 INFO  [restartedMain] c.t.log.LogTest - 

2018-Aug-24 00:06:07.823 INFO  [restartedMain] o.s.s.w.DefaultSecurityFilterChain - Creating filter chain: org.springframework.security.web.util.matcher.AnyRequestMatcher@1, [org.springframework.security.web.context.request.async.WebAsyncManagerIntegrationFilter@2cc4459f, org.springframework.security.web.context.SecurityContextPersistenceFilter@5dc46b8a, org.springframework.security.web.header.HeaderWriterFilter@6e96e47d, org.springframework.security.web.csrf.CsrfFilter@1580b295, org.springframework.security.web.authentication.logout.LogoutFilter@52e4cc10, org.springframework.security.web.savedrequest.RequestCacheAwareFilter@d1e95b0, org.springframework.security.web.servletapi.SecurityContextHolderAwareRequestFilter@75a92bd9, org.springframework.security.web.authentication.AnonymousAuthenticationFilter@3013716d, org.springframework.security.web.session.SessionManagementFilter@7d505310, org.springframework.security.web.access.ExceptionTranslationFilter@fc16371, org.springframework.security.web.access.intercept.FilterSecurityInterceptor@2d389390]
2018-Aug-24 00:06:08.238 INFO  [restartedMain] o.s.w.s.h.SimpleUrlHandlerMapping - Mapped URL path [/**/favicon.ico] onto handler of type [class org.springframework.web.servlet.resource.ResourceHttpRequestHandler]
2018-Aug-24 00:06:08.842 INFO  [restartedMain] o.s.w.s.m.m.a.RequestMappingHandlerAdapter - Looking for @ControllerAdvice: org.springframework.boot.web.servlet.context.AnnotationConfigServletWebServerApplicationContext@2f1795b1: startup date [Fri Aug 24 00:06:01 IST 2018]; root of context hierarchy
2018-Aug-24 00:06:08.951 INFO  [restartedMain] o.s.w.s.m.m.a.RequestMappingHandlerMapping - Mapped "{[/test/get],methods=[GET]}" onto java.lang.String com.techprudent.controller.TestController.get()
2018-Aug-24 00:06:08.954 INFO  [restartedMain] o.s.w.s.m.m.a.RequestMappingHandlerMapping - Mapped "{[/test/advice],methods=[GET]}" onto org.springframework.http.ResponseEntity<java.lang.String> com.techprudent.controller.TestController.getAdvice()
2018-Aug-24 00:06:08.956 INFO  [restartedMain] o.s.w.s.m.m.a.RequestMappingHandlerMapping - Mapped "{[/security/test],methods=[GET]}" onto java.lang.String com.techprudent.security.SecurityController.doSecurityTest()
2018-Aug-24 00:06:08.966 INFO  [restartedMain] o.s.w.s.m.m.a.RequestMappingHandlerMapping - Mapped "{[/error]}" onto public org.springframework.http.ResponseEntity<java.util.Map<java.lang.String, java.lang.Object>> org.springframework.boot.autoconfigure.web.servlet.error.BasicErrorController.error(javax.servlet.http.HttpServletRequest)
2018-Aug-24 00:06:08.968 INFO  [restartedMain] o.s.w.s.m.m.a.RequestMappingHandlerMapping - Mapped "{[/error],produces=[text/html]}" onto public org.springframework.web.servlet.ModelAndView org.springframework.boot.autoconfigure.web.servlet.error.BasicErrorController.errorHtml(javax.servlet.http.HttpServletRequest,javax.servlet.http.HttpServletResponse)
2018-Aug-24 00:06:09.025 INFO  [restartedMain] o.s.w.s.h.SimpleUrlHandlerMapping - Mapped URL path [/webjars/**] onto handler of type [class org.springframework.web.servlet.resource.ResourceHttpRequestHandler]
2018-Aug-24 00:06:09.026 INFO  [restartedMain] o.s.w.s.h.SimpleUrlHandlerMapping - Mapped URL path [/**] onto handler of type [class org.springframework.web.servlet.resource.ResourceHttpRequestHandler]
2018-Aug-24 00:06:09.060 INFO  [restartedMain] o.s.w.s.m.m.a.ExceptionHandlerExceptionResolver - Detected @ExceptionHandler methods in testRestControllerAdvice
2018-Aug-24 00:06:09.671 INFO  [restartedMain] o.s.b.d.a.OptionalLiveReloadServer - LiveReload server is running on port 35729
2018-Aug-24 00:06:09.696 INFO  [restartedMain] o.s.b.a.e.w.EndpointLinksResolver - Exposing 15 endpoint(s) beneath base path '/actuator'
2018-Aug-24 00:06:09.716 INFO  [restartedMain] o.s.b.a.e.w.s.WebMvcEndpointHandlerMapping - Mapped "{[/actuator/auditevents],methods=[GET],produces=[application/vnd.spring-boot.actuator.v2+json || application/json]}" onto public java.lang.Object org.springframework.boot.actuate.endpoint.web.servlet.AbstractWebMvcEndpointHandlerMapping$OperationHandler.handle(javax.servlet.http.HttpServletRequest,java.util.Map<java.lang.String, java.lang.String>)
2018-Aug-24 00:06:09.718 INFO  [restartedMain] o.s.b.a.e.w.s.WebMvcEndpointHandlerMapping - Mapped "{[/actuator/beans],methods=[GET],produces=[application/vnd.spring-boot.actuator.v2+json || application/json]}" onto public java.lang.Object org.springframework.boot.actuate.endpoint.web.servlet.AbstractWebMvcEndpointHandlerMapping$OperationHandler.handle(javax.servlet.http.HttpServletRequest,java.util.Map<java.lang.String, java.lang.String>)
2018-Aug-24 00:06:09.719 INFO  [restartedMain] o.s.b.a.e.w.s.WebMvcEndpointHandlerMapping - Mapped "{[/actuator/health],methods=[GET],produces=[application/vnd.spring-boot.actuator.v2+json || application/json]}" onto public java.lang.Object org.springframework.boot.actuate.endpoint.web.servlet.AbstractWebMvcEndpointHandlerMapping$OperationHandler.handle(javax.servlet.http.HttpServletRequest,java.util.Map<java.lang.String, java.lang.String>)
2018-Aug-24 00:06:09.720 INFO  [restartedMain] o.s.b.a.e.w.s.WebMvcEndpointHandlerMapping - Mapped "{[/actuator/conditions],methods=[GET],produces=[application/vnd.spring-boot.actuator.v2+json || application/json]}" onto public java.lang.Object org.springframework.boot.actuate.endpoint.web.servlet.AbstractWebMvcEndpointHandlerMapping$OperationHandler.handle(javax.servlet.http.HttpServletRequest,java.util.Map<java.lang.String, java.lang.String>)
2018-Aug-24 00:06:09.721 INFO  [restartedMain] o.s.b.a.e.w.s.WebMvcEndpointHandlerMapping - Mapped "{[/actuator/configprops],methods=[GET],produces=[application/vnd.spring-boot.actuator.v2+json || application/json]}" onto public java.lang.Object org.springframework.boot.actuate.endpoint.web.servlet.AbstractWebMvcEndpointHandlerMapping$OperationHandler.handle(javax.servlet.http.HttpServletRequest,java.util.Map<java.lang.String, java.lang.String>)
2018-Aug-24 00:06:09.722 INFO  [restartedMain] o.s.b.a.e.w.s.WebMvcEndpointHandlerMapping - Mapped "{[/actuator/env],methods=[GET],produces=[application/vnd.spring-boot.actuator.v2+json || application/json]}" onto public java.lang.Object org.springframework.boot.actuate.endpoint.web.servlet.AbstractWebMvcEndpointHandlerMapping$OperationHandler.handle(javax.servlet.http.HttpServletRequest,java.util.Map<java.lang.String, java.lang.String>)
2018-Aug-24 00:06:09.723 INFO  [restartedMain] o.s.b.a.e.w.s.WebMvcEndpointHandlerMapping - Mapped "{[/actuator/env/{toMatch}],methods=[GET],produces=[application/vnd.spring-boot.actuator.v2+json || application/json]}" onto public java.lang.Object org.springframework.boot.actuate.endpoint.web.servlet.AbstractWebMvcEndpointHandlerMapping$OperationHandler.handle(javax.servlet.http.HttpServletRequest,java.util.Map<java.lang.String, java.lang.String>)
2018-Aug-24 00:06:09.723 INFO  [restartedMain] o.s.b.a.e.w.s.WebMvcEndpointHandlerMapping - Mapped "{[/actuator/info],methods=[GET],produces=[application/vnd.spring-boot.actuator.v2+json || application/json]}" onto public java.lang.Object org.springframework.boot.actuate.endpoint.web.servlet.AbstractWebMvcEndpointHandlerMapping$OperationHandler.handle(javax.servlet.http.HttpServletRequest,java.util.Map<java.lang.String, java.lang.String>)
2018-Aug-24 00:06:09.724 INFO  [restartedMain] o.s.b.a.e.w.s.WebMvcEndpointHandlerMapping - Mapped "{[/actuator/logfile],methods=[GET],produces=[application/octet-stream]}" onto public java.lang.Object org.springframework.boot.actuate.endpoint.web.servlet.AbstractWebMvcEndpointHandlerMapping$OperationHandler.handle(javax.servlet.http.HttpServletRequest,java.util.Map<java.lang.String, java.lang.String>)
2018-Aug-24 00:06:09.725 INFO  [restartedMain] o.s.b.a.e.w.s.WebMvcEndpointHandlerMapping - Mapped "{[/actuator/loggers],methods=[GET],produces=[application/vnd.spring-boot.actuator.v2+json || application/json]}" onto public java.lang.Object org.springframework.boot.actuate.endpoint.web.servlet.AbstractWebMvcEndpointHandlerMapping$OperationHandler.handle(javax.servlet.http.HttpServletRequest,java.util.Map<java.lang.String, java.lang.String>)
2018-Aug-24 00:06:09.726 INFO  [restartedMain] o.s.b.a.e.w.s.WebMvcEndpointHandlerMapping - Mapped "{[/actuator/loggers/{name}],methods=[GET],produces=[application/vnd.spring-boot.actuator.v2+json || application/json]}" onto public java.lang.Object org.springframework.boot.actuate.endpoint.web.servlet.AbstractWebMvcEndpointHandlerMapping$OperationHandler.handle(javax.servlet.http.HttpServletRequest,java.util.Map<java.lang.String, java.lang.String>)
2018-Aug-24 00:06:09.727 INFO  [restartedMain] o.s.b.a.e.w.s.WebMvcEndpointHandlerMapping - Mapped "{[/actuator/loggers/{name}],methods=[POST],consumes=[application/vnd.spring-boot.actuator.v2+json || application/json]}" onto public java.lang.Object org.springframework.boot.actuate.endpoint.web.servlet.AbstractWebMvcEndpointHandlerMapping$OperationHandler.handle(javax.servlet.http.HttpServletRequest,java.util.Map<java.lang.String, java.lang.String>)
2018-Aug-24 00:06:09.728 INFO  [restartedMain] o.s.b.a.e.w.s.WebMvcEndpointHandlerMapping - Mapped "{[/actuator/heapdump],methods=[GET],produces=[application/octet-stream]}" onto public java.lang.Object org.springframework.boot.actuate.endpoint.web.servlet.AbstractWebMvcEndpointHandlerMapping$OperationHandler.handle(javax.servlet.http.HttpServletRequest,java.util.Map<java.lang.String, java.lang.String>)
2018-Aug-24 00:06:09.729 INFO  [restartedMain] o.s.b.a.e.w.s.WebMvcEndpointHandlerMapping - Mapped "{[/actuator/threaddump],methods=[GET],produces=[application/vnd.spring-boot.actuator.v2+json || application/json]}" onto public java.lang.Object org.springframework.boot.actuate.endpoint.web.servlet.AbstractWebMvcEndpointHandlerMapping$OperationHandler.handle(javax.servlet.http.HttpServletRequest,java.util.Map<java.lang.String, java.lang.String>)
2018-Aug-24 00:06:09.730 INFO  [restartedMain] o.s.b.a.e.w.s.WebMvcEndpointHandlerMapping - Mapped "{[/actuator/metrics],methods=[GET],produces=[application/vnd.spring-boot.actuator.v2+json || application/json]}" onto public java.lang.Object org.springframework.boot.actuate.endpoint.web.servlet.AbstractWebMvcEndpointHandlerMapping$OperationHandler.handle(javax.servlet.http.HttpServletRequest,java.util.Map<java.lang.String, java.lang.String>)
2018-Aug-24 00:06:09.730 INFO  [restartedMain] o.s.b.a.e.w.s.WebMvcEndpointHandlerMapping - Mapped "{[/actuator/metrics/{requiredMetricName}],methods=[GET],produces=[application/vnd.spring-boot.actuator.v2+json || application/json]}" onto public java.lang.Object org.springframework.boot.actuate.endpoint.web.servlet.AbstractWebMvcEndpointHandlerMapping$OperationHandler.handle(javax.servlet.http.HttpServletRequest,java.util.Map<java.lang.String, java.lang.String>)
2018-Aug-24 00:06:09.731 INFO  [restartedMain] o.s.b.a.e.w.s.WebMvcEndpointHandlerMapping - Mapped "{[/actuator/scheduledtasks],methods=[GET],produces=[application/vnd.spring-boot.actuator.v2+json || application/json]}" onto public java.lang.Object org.springframework.boot.actuate.endpoint.web.servlet.AbstractWebMvcEndpointHandlerMapping$OperationHandler.handle(javax.servlet.http.HttpServletRequest,java.util.Map<java.lang.String, java.lang.String>)
2018-Aug-24 00:06:09.732 INFO  [restartedMain] o.s.b.a.e.w.s.WebMvcEndpointHandlerMapping - Mapped "{[/actuator/httptrace],methods=[GET],produces=[application/vnd.spring-boot.actuator.v2+json || application/json]}" onto public java.lang.Object org.springframework.boot.actuate.endpoint.web.servlet.AbstractWebMvcEndpointHandlerMapping$OperationHandler.handle(javax.servlet.http.HttpServletRequest,java.util.Map<java.lang.String, java.lang.String>)
2018-Aug-24 00:06:09.732 INFO  [restartedMain] o.s.b.a.e.w.s.WebMvcEndpointHandlerMapping - Mapped "{[/actuator/mappings],methods=[GET],produces=[application/vnd.spring-boot.actuator.v2+json || application/json]}" onto public java.lang.Object org.springframework.boot.actuate.endpoint.web.servlet.AbstractWebMvcEndpointHandlerMapping$OperationHandler.handle(javax.servlet.http.HttpServletRequest,java.util.Map<java.lang.String, java.lang.String>)
2018-Aug-24 00:06:09.734 INFO  [restartedMain] o.s.b.a.e.w.s.WebMvcEndpointHandlerMapping - Mapped "{[/actuator],methods=[GET],produces=[application/vnd.spring-boot.actuator.v2+json || application/json]}" onto protected java.util.Map<java.lang.String, java.util.Map<java.lang.String, org.springframework.boot.actuate.endpoint.web.Link>> org.springframework.boot.actuate.endpoint.web.servlet.WebMvcEndpointHandlerMapping.links(javax.servlet.http.HttpServletRequest,javax.servlet.http.HttpServletResponse)
2018-Aug-24 00:06:09.848 INFO  [restartedMain] o.s.j.e.a.AnnotationMBeanExporter - Registering beans for JMX exposure on startup
2018-Aug-24 00:06:09.942 INFO  [restartedMain] o.s.b.w.e.t.TomcatWebServer - Tomcat started on port(s): 8080 (http) with context path ''
2018-Aug-24 00:06:09.956 INFO  [restartedMain] c.t.SpringBootLearning - Started SpringBootLearning in 9.036 seconds (JVM running for 10.766)
2018-Aug-24 00:06:25.150 INFO  [Thread-8] o.s.b.w.s.c.AnnotationConfigServletWebServerApplicationContext - Closing org.springframework.boot.web.servlet.context.AnnotationConfigServletWebServerApplicationContext@2f1795b1: startup date [Fri Aug 24 00:06:01 IST 2018]; root of context hierarchy
2018-Aug-24 00:06:25.156 INFO  [Thread-8] o.s.j.e.a.AnnotationMBeanExporter - Unregistering JMX-exposed beans on shutdown
2018-Aug-24 00:06:25.741 INFO  [restartedMain] c.t.SpringBootLearning - Starting SpringBootLearning on DESKTOP-98BAMO0 with PID 836 (F:\sts-workspace\spring-boot-sample\spring-boot-sample\target\classes started by tech prudent in F:\sts-workspace\spring-boot-sample\spring-boot-sample)
2018-Aug-24 00:06:25.741 INFO  [restartedMain] c.t.SpringBootLearning - The following profiles are active: dev
2018-Aug-24 00:06:25.747 INFO  [restartedMain] o.s.b.w.s.c.AnnotationConfigServletWebServerApplicationContext - Refreshing org.springframework.boot.web.servlet.context.AnnotationConfigServletWebServerApplicationContext@7712b642: startup date [Fri Aug 24 00:06:25 IST 2018]; root of context hierarchy
2018-Aug-24 00:06:26.749 INFO  [restartedMain] o.s.b.w.e.t.TomcatWebServer - Tomcat initialized with port(s): 8080 (http)
2018-Aug-24 00:06:26.751 INFO  [restartedMain] o.a.c.c.StandardService - Starting service [Tomcat]
2018-Aug-24 00:06:26.752 INFO  [restartedMain] o.a.c.c.StandardEngine - Starting Servlet Engine: Apache Tomcat/8.5.32
2018-Aug-24 00:06:26.782 INFO  [localhost-startStop-1] o.a.c.c.C.[.[.[/] - Initializing Spring embedded WebApplicationContext
2018-Aug-24 00:06:26.783 INFO  [localhost-startStop-1] o.s.w.c.ContextLoader - Root WebApplicationContext: initialization completed in 1036 ms
2018-Aug-24 00:06:27.000 INFO  [localhost-startStop-1] o.s.b.w.s.FilterRegistrationBean - Mapping filter: 'characterEncodingFilter' to: [/*]
2018-Aug-24 00:06:27.001 INFO  [localhost-startStop-1] o.s.b.w.s.FilterRegistrationBean - Mapping filter: 'webMvcMetricsFilter' to: [/*]
2018-Aug-24 00:06:27.001 INFO  [localhost-startStop-1] o.s.b.w.s.FilterRegistrationBean - Mapping filter: 'hiddenHttpMethodFilter' to: [/*]
2018-Aug-24 00:06:27.001 INFO  [localhost-startStop-1] o.s.b.w.s.FilterRegistrationBean - Mapping filter: 'httpPutFormContentFilter' to: [/*]
2018-Aug-24 00:06:27.001 INFO  [localhost-startStop-1] o.s.b.w.s.FilterRegistrationBean - Mapping filter: 'requestContextFilter' to: [/*]
2018-Aug-24 00:06:27.002 INFO  [localhost-startStop-1] o.s.b.w.s.DelegatingFilterProxyRegistrationBean - Mapping filter: 'springSecurityFilterChain' to: [/*]
2018-Aug-24 00:06:27.002 INFO  [localhost-startStop-1] o.s.b.w.s.FilterRegistrationBean - Mapping filter: 'httpTraceFilter' to: [/*]
2018-Aug-24 00:06:27.002 INFO  [localhost-startStop-1] o.s.b.w.s.ServletRegistrationBean - Servlet dispatcherServlet mapped to [/]
2018-Aug-24 00:06:27.028 INFO  [restartedMain] c.t.log.LogTest - 

2018-Aug-24 00:06:27.029 INFO  [restartedMain] c.t.log.LogTest - INFO Message
2018-Aug-24 00:06:27.029 WARN  [restartedMain] c.t.log.LogTest - WARN Message
2018-Aug-24 00:06:27.029 ERROR [restartedMain] c.t.log.LogTest - ERROR Message
2018-Aug-24 00:06:27.030 INFO  [restartedMain] c.t.log.LogTest - 

2018-Aug-24 00:06:27.161 INFO  [restartedMain] o.s.s.w.DefaultSecurityFilterChain - Creating filter chain: org.springframework.security.web.util.matcher.AnyRequestMatcher@1, [org.springframework.security.web.context.request.async.WebAsyncManagerIntegrationFilter@596b1573, org.springframework.security.web.context.SecurityContextPersistenceFilter@27efa4a3, org.springframework.security.web.header.HeaderWriterFilter@5296aafe, org.springframework.security.web.csrf.CsrfFilter@7f5e6829, org.springframework.security.web.authentication.logout.LogoutFilter@982d71a, org.springframework.security.web.savedrequest.RequestCacheAwareFilter@21e17ca9, org.springframework.security.web.servletapi.SecurityContextHolderAwareRequestFilter@4647e331, org.springframework.security.web.authentication.AnonymousAuthenticationFilter@449c3e5e, org.springframework.security.web.session.SessionManagementFilter@2bfc9ed5, org.springframework.security.web.access.ExceptionTranslationFilter@4869cc23, org.springframework.security.web.access.intercept.FilterSecurityInterceptor@1fbe9da9]
2018-Aug-24 00:06:27.201 INFO  [restartedMain] o.s.w.s.h.SimpleUrlHandlerMapping - Mapped URL path [/**/favicon.ico] onto handler of type [class org.springframework.web.servlet.resource.ResourceHttpRequestHandler]
2018-Aug-24 00:06:27.274 INFO  [restartedMain] o.s.w.s.m.m.a.RequestMappingHandlerAdapter - Looking for @ControllerAdvice: org.springframework.boot.web.servlet.context.AnnotationConfigServletWebServerApplicationContext@7712b642: startup date [Fri Aug 24 00:06:25 IST 2018]; root of context hierarchy
2018-Aug-24 00:06:27.300 INFO  [restartedMain] o.s.w.s.m.m.a.RequestMappingHandlerMapping - Mapped "{[/test/get],methods=[GET]}" onto java.lang.String com.techprudent.controller.TestController.get()
2018-Aug-24 00:06:27.301 INFO  [restartedMain] o.s.w.s.m.m.a.RequestMappingHandlerMapping - Mapped "{[/test/advice],methods=[GET]}" onto org.springframework.http.ResponseEntity<java.lang.String> com.techprudent.controller.TestController.getAdvice()
2018-Aug-24 00:06:27.303 INFO  [restartedMain] o.s.w.s.m.m.a.RequestMappingHandlerMapping - Mapped "{[/security/test],methods=[GET]}" onto java.lang.String com.techprudent.security.SecurityController.doSecurityTest()
2018-Aug-24 00:06:27.309 INFO  [restartedMain] o.s.w.s.m.m.a.RequestMappingHandlerMapping - Mapped "{[/error]}" onto public org.springframework.http.ResponseEntity<java.util.Map<java.lang.String, java.lang.Object>> org.springframework.boot.autoconfigure.web.servlet.error.BasicErrorController.error(javax.servlet.http.HttpServletRequest)
2018-Aug-24 00:06:27.310 INFO  [restartedMain] o.s.w.s.m.m.a.RequestMappingHandlerMapping - Mapped "{[/error],produces=[text/html]}" onto public org.springframework.web.servlet.ModelAndView org.springframework.boot.autoconfigure.web.servlet.error.BasicErrorController.errorHtml(javax.servlet.http.HttpServletRequest,javax.servlet.http.HttpServletResponse)
2018-Aug-24 00:06:27.333 INFO  [restartedMain] o.s.w.s.h.SimpleUrlHandlerMapping - Mapped URL path [/webjars/**] onto handler of type [class org.springframework.web.servlet.resource.ResourceHttpRequestHandler]
2018-Aug-24 00:06:27.333 INFO  [restartedMain] o.s.w.s.h.SimpleUrlHandlerMapping - Mapped URL path [/**] onto handler of type [class org.springframework.web.servlet.resource.ResourceHttpRequestHandler]
2018-Aug-24 00:06:27.352 INFO  [restartedMain] o.s.w.s.m.m.a.ExceptionHandlerExceptionResolver - Detected @ExceptionHandler methods in testRestControllerAdvice
2018-Aug-24 00:06:27.546 INFO  [restartedMain] o.s.b.d.a.OptionalLiveReloadServer - LiveReload server is running on port 35729
2018-Aug-24 00:06:27.553 INFO  [restartedMain] o.s.b.a.e.w.EndpointLinksResolver - Exposing 15 endpoint(s) beneath base path '/actuator'
2018-Aug-24 00:06:27.558 INFO  [restartedMain] o.s.b.a.e.w.s.WebMvcEndpointHandlerMapping - Mapped "{[/actuator/auditevents],methods=[GET],produces=[application/vnd.spring-boot.actuator.v2+json || application/json]}" onto public java.lang.Object org.springframework.boot.actuate.endpoint.web.servlet.AbstractWebMvcEndpointHandlerMapping$OperationHandler.handle(javax.servlet.http.HttpServletRequest,java.util.Map<java.lang.String, java.lang.String>)
2018-Aug-24 00:06:27.559 INFO  [restartedMain] o.s.b.a.e.w.s.WebMvcEndpointHandlerMapping - Mapped "{[/actuator/beans],methods=[GET],produces=[application/vnd.spring-boot.actuator.v2+json || application/json]}" onto public java.lang.Object org.springframework.boot.actuate.endpoint.web.servlet.AbstractWebMvcEndpointHandlerMapping$OperationHandler.handle(javax.servlet.http.HttpServletRequest,java.util.Map<java.lang.String, java.lang.String>)
2018-Aug-24 00:06:27.559 INFO  [restartedMain] o.s.b.a.e.w.s.WebMvcEndpointHandlerMapping - Mapped "{[/actuator/health],methods=[GET],produces=[application/vnd.spring-boot.actuator.v2+json || application/json]}" onto public java.lang.Object org.springframework.boot.actuate.endpoint.web.servlet.AbstractWebMvcEndpointHandlerMapping$OperationHandler.handle(javax.servlet.http.HttpServletRequest,java.util.Map<java.lang.String, java.lang.String>)
2018-Aug-24 00:06:27.560 INFO  [restartedMain] o.s.b.a.e.w.s.WebMvcEndpointHandlerMapping - Mapped "{[/actuator/conditions],methods=[GET],produces=[application/vnd.spring-boot.actuator.v2+json || application/json]}" onto public java.lang.Object org.springframework.boot.actuate.endpoint.web.servlet.AbstractWebMvcEndpointHandlerMapping$OperationHandler.handle(javax.servlet.http.HttpServletRequest,java.util.Map<java.lang.String, java.lang.String>)
2018-Aug-24 00:06:27.560 INFO  [restartedMain] o.s.b.a.e.w.s.WebMvcEndpointHandlerMapping - Mapped "{[/actuator/configprops],methods=[GET],produces=[application/vnd.spring-boot.actuator.v2+json || application/json]}" onto public java.lang.Object org.springframework.boot.actuate.endpoint.web.servlet.AbstractWebMvcEndpointHandlerMapping$OperationHandler.handle(javax.servlet.http.HttpServletRequest,java.util.Map<java.lang.String, java.lang.String>)
2018-Aug-24 00:06:27.561 INFO  [restartedMain] o.s.b.a.e.w.s.WebMvcEndpointHandlerMapping - Mapped "{[/actuator/env],methods=[GET],produces=[application/vnd.spring-boot.actuator.v2+json || application/json]}" onto public java.lang.Object org.springframework.boot.actuate.endpoint.web.servlet.AbstractWebMvcEndpointHandlerMapping$OperationHandler.handle(javax.servlet.http.HttpServletRequest,java.util.Map<java.lang.String, java.lang.String>)
2018-Aug-24 00:06:27.561 INFO  [restartedMain] o.s.b.a.e.w.s.WebMvcEndpointHandlerMapping - Mapped "{[/actuator/env/{toMatch}],methods=[GET],produces=[application/vnd.spring-boot.actuator.v2+json || application/json]}" onto public java.lang.Object org.springframework.boot.actuate.endpoint.web.servlet.AbstractWebMvcEndpointHandlerMapping$OperationHandler.handle(javax.servlet.http.HttpServletRequest,java.util.Map<java.lang.String, java.lang.String>)
2018-Aug-24 00:06:27.562 INFO  [restartedMain] o.s.b.a.e.w.s.WebMvcEndpointHandlerMapping - Mapped "{[/actuator/info],methods=[GET],produces=[application/vnd.spring-boot.actuator.v2+json || application/json]}" onto public java.lang.Object org.springframework.boot.actuate.endpoint.web.servlet.AbstractWebMvcEndpointHandlerMapping$OperationHandler.handle(javax.servlet.http.HttpServletRequest,java.util.Map<java.lang.String, java.lang.String>)
2018-Aug-24 00:06:27.562 INFO  [restartedMain] o.s.b.a.e.w.s.WebMvcEndpointHandlerMapping - Mapped "{[/actuator/logfile],methods=[GET],produces=[application/octet-stream]}" onto public java.lang.Object org.springframework.boot.actuate.endpoint.web.servlet.AbstractWebMvcEndpointHandlerMapping$OperationHandler.handle(javax.servlet.http.HttpServletRequest,java.util.Map<java.lang.String, java.lang.String>)
2018-Aug-24 00:06:27.562 INFO  [restartedMain] o.s.b.a.e.w.s.WebMvcEndpointHandlerMapping - Mapped "{[/actuator/loggers],methods=[GET],produces=[application/vnd.spring-boot.actuator.v2+json || application/json]}" onto public java.lang.Object org.springframework.boot.actuate.endpoint.web.servlet.AbstractWebMvcEndpointHandlerMapping$OperationHandler.handle(javax.servlet.http.HttpServletRequest,java.util.Map<java.lang.String, java.lang.String>)
2018-Aug-24 00:06:27.563 INFO  [restartedMain] o.s.b.a.e.w.s.WebMvcEndpointHandlerMapping - Mapped "{[/actuator/loggers/{name}],methods=[GET],produces=[application/vnd.spring-boot.actuator.v2+json || application/json]}" onto public java.lang.Object org.springframework.boot.actuate.endpoint.web.servlet.AbstractWebMvcEndpointHandlerMapping$OperationHandler.handle(javax.servlet.http.HttpServletRequest,java.util.Map<java.lang.String, java.lang.String>)
2018-Aug-24 00:06:27.563 INFO  [restartedMain] o.s.b.a.e.w.s.WebMvcEndpointHandlerMapping - Mapped "{[/actuator/loggers/{name}],methods=[POST],consumes=[application/vnd.spring-boot.actuator.v2+json || application/json]}" onto public java.lang.Object org.springframework.boot.actuate.endpoint.web.servlet.AbstractWebMvcEndpointHandlerMapping$OperationHandler.handle(javax.servlet.http.HttpServletRequest,java.util.Map<java.lang.String, java.lang.String>)
2018-Aug-24 00:06:27.564 INFO  [restartedMain] o.s.b.a.e.w.s.WebMvcEndpointHandlerMapping - Mapped "{[/actuator/heapdump],methods=[GET],produces=[application/octet-stream]}" onto public java.lang.Object org.springframework.boot.actuate.endpoint.web.servlet.AbstractWebMvcEndpointHandlerMapping$OperationHandler.handle(javax.servlet.http.HttpServletRequest,java.util.Map<java.lang.String, java.lang.String>)
2018-Aug-24 00:06:27.564 INFO  [restartedMain] o.s.b.a.e.w.s.WebMvcEndpointHandlerMapping - Mapped "{[/actuator/threaddump],methods=[GET],produces=[application/vnd.spring-boot.actuator.v2+json || application/json]}" onto public java.lang.Object org.springframework.boot.actuate.endpoint.web.servlet.AbstractWebMvcEndpointHandlerMapping$OperationHandler.handle(javax.servlet.http.HttpServletRequest,java.util.Map<java.lang.String, java.lang.String>)
2018-Aug-24 00:06:27.565 INFO  [restartedMain] o.s.b.a.e.w.s.WebMvcEndpointHandlerMapping - Mapped "{[/actuator/metrics],methods=[GET],produces=[application/vnd.spring-boot.actuator.v2+json || application/json]}" onto public java.lang.Object org.springframework.boot.actuate.endpoint.web.servlet.AbstractWebMvcEndpointHandlerMapping$OperationHandler.handle(javax.servlet.http.HttpServletRequest,java.util.Map<java.lang.String, java.lang.String>)
2018-Aug-24 00:06:27.565 INFO  [restartedMain] o.s.b.a.e.w.s.WebMvcEndpointHandlerMapping - Mapped "{[/actuator/metrics/{requiredMetricName}],methods=[GET],produces=[application/vnd.spring-boot.actuator.v2+json || application/json]}" onto public java.lang.Object org.springframework.boot.actuate.endpoint.web.servlet.AbstractWebMvcEndpointHandlerMapping$OperationHandler.handle(javax.servlet.http.HttpServletRequest,java.util.Map<java.lang.String, java.lang.String>)
2018-Aug-24 00:06:27.566 INFO  [restartedMain] o.s.b.a.e.w.s.WebMvcEndpointHandlerMapping - Mapped "{[/actuator/scheduledtasks],methods=[GET],produces=[application/vnd.spring-boot.actuator.v2+json || application/json]}" onto public java.lang.Object org.springframework.boot.actuate.endpoint.web.servlet.AbstractWebMvcEndpointHandlerMapping$OperationHandler.handle(javax.servlet.http.HttpServletRequest,java.util.Map<java.lang.String, java.lang.String>)
2018-Aug-24 00:06:27.567 INFO  [restartedMain] o.s.b.a.e.w.s.WebMvcEndpointHandlerMapping - Mapped "{[/actuator/httptrace],methods=[GET],produces=[application/vnd.spring-boot.actuator.v2+json || application/json]}" onto public java.lang.Object org.springframework.boot.actuate.endpoint.web.servlet.AbstractWebMvcEndpointHandlerMapping$OperationHandler.handle(javax.servlet.http.HttpServletRequest,java.util.Map<java.lang.String, java.lang.String>)
2018-Aug-24 00:06:27.568 INFO  [restartedMain] o.s.b.a.e.w.s.WebMvcEndpointHandlerMapping - Mapped "{[/actuator/mappings],methods=[GET],produces=[application/vnd.spring-boot.actuator.v2+json || application/json]}" onto public java.lang.Object org.springframework.boot.actuate.endpoint.web.servlet.AbstractWebMvcEndpointHandlerMapping$OperationHandler.handle(javax.servlet.http.HttpServletRequest,java.util.Map<java.lang.String, java.lang.String>)
2018-Aug-24 00:06:27.569 INFO  [restartedMain] o.s.b.a.e.w.s.WebMvcEndpointHandlerMapping - Mapped "{[/actuator],methods=[GET],produces=[application/vnd.spring-boot.actuator.v2+json || application/json]}" onto protected java.util.Map<java.lang.String, java.util.Map<java.lang.String, org.springframework.boot.actuate.endpoint.web.Link>> org.springframework.boot.actuate.endpoint.web.servlet.WebMvcEndpointHandlerMapping.links(javax.servlet.http.HttpServletRequest,javax.servlet.http.HttpServletResponse)
2018-Aug-24 00:06:27.631 INFO  [restartedMain] o.s.j.e.a.AnnotationMBeanExporter - Registering beans for JMX exposure on startup
2018-Aug-24 00:06:27.667 INFO  [restartedMain] o.s.b.w.e.t.TomcatWebServer - Tomcat started on port(s): 8080 (http) with context path ''
2018-Aug-24 00:06:27.669 INFO  [restartedMain] c.t.SpringBootLearning - Started SpringBootLearning in 1.992 seconds (JVM running for 28.48)
2018-Aug-24 00:06:27.676 INFO  [restartedMain] o.s.b.d.a.ConditionEvaluationDeltaLoggingListener - Condition evaluation unchanged
2018-Aug-24 00:06:59.304 INFO  [Thread-12] o.s.b.w.s.c.AnnotationConfigServletWebServerApplicationContext - Closing org.springframework.boot.web.servlet.context.AnnotationConfigServletWebServerApplicationContext@7712b642: startup date [Fri Aug 24 00:06:25 IST 2018]; root of context hierarchy
2018-Aug-24 00:06:59.315 INFO  [Thread-12] o.s.j.e.a.AnnotationMBeanExporter - Unregistering JMX-exposed beans on shutdown
2018-Aug-24 00:07:00.422 INFO  [restartedMain] c.t.SpringBootLearning - Starting SpringBootLearning on DESKTOP-98BAMO0 with PID 836 (F:\sts-workspace\spring-boot-sample\spring-boot-sample\target\classes started by tech prudent in F:\sts-workspace\spring-boot-sample\spring-boot-sample)
2018-Aug-24 00:07:00.423 INFO  [restartedMain] c.t.SpringBootLearning - The following profiles are active: dev
2018-Aug-24 00:07:00.428 INFO  [restartedMain] o.s.b.w.s.c.AnnotationConfigServletWebServerApplicationContext - Refreshing org.springframework.boot.web.servlet.context.AnnotationConfigServletWebServerApplicationContext@6a0398d9: startup date [Fri Aug 24 00:07:00 IST 2018]; root of context hierarchy
2018-Aug-24 00:07:01.332 INFO  [restartedMain] o.s.b.w.e.t.TomcatWebServer - Tomcat initialized with port(s): 8080 (http)
2018-Aug-24 00:07:01.334 INFO  [restartedMain] o.a.c.c.StandardService - Starting service [Tomcat]
2018-Aug-24 00:07:01.334 INFO  [restartedMain] o.a.c.c.StandardEngine - Starting Servlet Engine: Apache Tomcat/8.5.32
2018-Aug-24 00:07:01.364 INFO  [localhost-startStop-1] o.a.c.c.C.[.[.[/] - Initializing Spring embedded WebApplicationContext
2018-Aug-24 00:07:01.365 INFO  [localhost-startStop-1] o.s.w.c.ContextLoader - Root WebApplicationContext: initialization completed in 937 ms
2018-Aug-24 00:07:01.542 INFO  [localhost-startStop-1] o.s.b.w.s.FilterRegistrationBean - Mapping filter: 'characterEncodingFilter' to: [/*]
2018-Aug-24 00:07:01.543 INFO  [localhost-startStop-1] o.s.b.w.s.FilterRegistrationBean - Mapping filter: 'webMvcMetricsFilter' to: [/*]
2018-Aug-24 00:07:01.543 INFO  [localhost-startStop-1] o.s.b.w.s.FilterRegistrationBean - Mapping filter: 'hiddenHttpMethodFilter' to: [/*]
2018-Aug-24 00:07:01.543 INFO  [localhost-startStop-1] o.s.b.w.s.FilterRegistrationBean - Mapping filter: 'httpPutFormContentFilter' to: [/*]
2018-Aug-24 00:07:01.543 INFO  [localhost-startStop-1] o.s.b.w.s.FilterRegistrationBean - Mapping filter: 'requestContextFilter' to: [/*]
2018-Aug-24 00:07:01.544 INFO  [localhost-startStop-1] o.s.b.w.s.DelegatingFilterProxyRegistrationBean - Mapping filter: 'springSecurityFilterChain' to: [/*]
2018-Aug-24 00:07:01.544 INFO  [localhost-startStop-1] o.s.b.w.s.FilterRegistrationBean - Mapping filter: 'httpTraceFilter' to: [/*]
2018-Aug-24 00:07:01.544 INFO  [localhost-startStop-1] o.s.b.w.s.ServletRegistrationBean - Servlet dispatcherServlet mapped to [/]
2018-Aug-24 00:07:01.568 INFO  [restartedMain] c.t.log.LogTest - 

2018-Aug-24 00:07:01.568 INFO  [restartedMain] c.t.log.LogTest - INFO Message
2018-Aug-24 00:07:01.568 WARN  [restartedMain] c.t.log.LogTest - WARN Message
2018-Aug-24 00:07:01.568 ERROR [restartedMain] c.t.log.LogTest - ERROR Message
2018-Aug-24 00:07:01.568 INFO  [restartedMain] c.t.log.LogTest - 

2018-Aug-24 00:07:01.663 INFO  [restartedMain] o.s.s.w.DefaultSecurityFilterChain - Creating filter chain: org.springframework.security.web.util.matcher.AnyRequestMatcher@1, [org.springframework.security.web.context.request.async.WebAsyncManagerIntegrationFilter@1afa8aa8, org.springframework.security.web.context.SecurityContextPersistenceFilter@64248206, org.springframework.security.web.header.HeaderWriterFilter@5bbd8d06, org.springframework.security.web.csrf.CsrfFilter@5135c38e, org.springframework.security.web.authentication.logout.LogoutFilter@1a1492f3, org.springframework.security.web.savedrequest.RequestCacheAwareFilter@26d567c2, org.springframework.security.web.servletapi.SecurityContextHolderAwareRequestFilter@11b70ba3, org.springframework.security.web.authentication.AnonymousAuthenticationFilter@7998f86b, org.springframework.security.web.session.SessionManagementFilter@1bf20b45, org.springframework.security.web.access.ExceptionTranslationFilter@5ee38a1a, org.springframework.security.web.access.intercept.FilterSecurityInterceptor@4078f58d]
2018-Aug-24 00:07:01.705 INFO  [restartedMain] o.s.w.s.h.SimpleUrlHandlerMapping - Mapped URL path [/**/favicon.ico] onto handler of type [class org.springframework.web.servlet.resource.ResourceHttpRequestHandler]
2018-Aug-24 00:07:01.781 INFO  [restartedMain] o.s.w.s.m.m.a.RequestMappingHandlerAdapter - Looking for @ControllerAdvice: org.springframework.boot.web.servlet.context.AnnotationConfigServletWebServerApplicationContext@6a0398d9: startup date [Fri Aug 24 00:07:00 IST 2018]; root of context hierarchy
2018-Aug-24 00:07:01.809 INFO  [restartedMain] o.s.w.s.m.m.a.RequestMappingHandlerMapping - Mapped "{[/test/get],methods=[GET]}" onto java.lang.String com.techprudent.controller.TestController.get()
2018-Aug-24 00:07:01.810 INFO  [restartedMain] o.s.w.s.m.m.a.RequestMappingHandlerMapping - Mapped "{[/test/advice],methods=[GET]}" onto org.springframework.http.ResponseEntity<java.lang.String> com.techprudent.controller.TestController.getAdvice()
2018-Aug-24 00:07:01.812 INFO  [restartedMain] o.s.w.s.m.m.a.RequestMappingHandlerMapping - Mapped "{[/security/test],methods=[GET]}" onto java.lang.String com.techprudent.security.SecurityController.doSecurityTest()
2018-Aug-24 00:07:01.818 INFO  [restartedMain] o.s.w.s.m.m.a.RequestMappingHandlerMapping - Mapped "{[/error]}" onto public org.springframework.http.ResponseEntity<java.util.Map<java.lang.String, java.lang.Object>> org.springframework.boot.autoconfigure.web.servlet.error.BasicErrorController.error(javax.servlet.http.HttpServletRequest)
2018-Aug-24 00:07:01.819 INFO  [restartedMain] o.s.w.s.m.m.a.RequestMappingHandlerMapping - Mapped "{[/error],produces=[text/html]}" onto public org.springframework.web.servlet.ModelAndView org.springframework.boot.autoconfigure.web.servlet.error.BasicErrorController.errorHtml(javax.servlet.http.HttpServletRequest,javax.servlet.http.HttpServletResponse)
2018-Aug-24 00:07:01.841 INFO  [restartedMain] o.s.w.s.h.SimpleUrlHandlerMapping - Mapped URL path [/webjars/**] onto handler of type [class org.springframework.web.servlet.resource.ResourceHttpRequestHandler]
2018-Aug-24 00:07:01.842 INFO  [restartedMain] o.s.w.s.h.SimpleUrlHandlerMapping - Mapped URL path [/**] onto handler of type [class org.springframework.web.servlet.resource.ResourceHttpRequestHandler]
2018-Aug-24 00:07:01.862 INFO  [restartedMain] o.s.w.s.m.m.a.ExceptionHandlerExceptionResolver - Detected @ExceptionHandler methods in testRestControllerAdvice
2018-Aug-24 00:07:02.111 INFO  [restartedMain] o.s.b.d.a.OptionalLiveReloadServer - LiveReload server is running on port 35729
2018-Aug-24 00:07:02.122 INFO  [restartedMain] o.s.b.a.e.w.EndpointLinksResolver - Exposing 15 endpoint(s) beneath base path '/actuator'
2018-Aug-24 00:07:02.128 INFO  [restartedMain] o.s.b.a.e.w.s.WebMvcEndpointHandlerMapping - Mapped "{[/actuator/auditevents],methods=[GET],produces=[application/vnd.spring-boot.actuator.v2+json || application/json]}" onto public java.lang.Object org.springframework.boot.actuate.endpoint.web.servlet.AbstractWebMvcEndpointHandlerMapping$OperationHandler.handle(javax.servlet.http.HttpServletRequest,java.util.Map<java.lang.String, java.lang.String>)
2018-Aug-24 00:07:02.129 INFO  [restartedMain] o.s.b.a.e.w.s.WebMvcEndpointHandlerMapping - Mapped "{[/actuator/beans],methods=[GET],produces=[application/vnd.spring-boot.actuator.v2+json || application/json]}" onto public java.lang.Object org.springframework.boot.actuate.endpoint.web.servlet.AbstractWebMvcEndpointHandlerMapping$OperationHandler.handle(javax.servlet.http.HttpServletRequest,java.util.Map<java.lang.String, java.lang.String>)
2018-Aug-24 00:07:02.130 INFO  [restartedMain] o.s.b.a.e.w.s.WebMvcEndpointHandlerMapping - Mapped "{[/actuator/health],methods=[GET],produces=[application/vnd.spring-boot.actuator.v2+json || application/json]}" onto public java.lang.Object org.springframework.boot.actuate.endpoint.web.servlet.AbstractWebMvcEndpointHandlerMapping$OperationHandler.handle(javax.servlet.http.HttpServletRequest,java.util.Map<java.lang.String, java.lang.String>)
2018-Aug-24 00:07:02.131 INFO  [restartedMain] o.s.b.a.e.w.s.WebMvcEndpointHandlerMapping - Mapped "{[/actuator/conditions],methods=[GET],produces=[application/vnd.spring-boot.actuator.v2+json || application/json]}" onto public java.lang.Object org.springframework.boot.actuate.endpoint.web.servlet.AbstractWebMvcEndpointHandlerMapping$OperationHandler.handle(javax.servlet.http.HttpServletRequest,java.util.Map<java.lang.String, java.lang.String>)
2018-Aug-24 00:07:02.132 INFO  [restartedMain] o.s.b.a.e.w.s.WebMvcEndpointHandlerMapping - Mapped "{[/actuator/configprops],methods=[GET],produces=[application/vnd.spring-boot.actuator.v2+json || application/json]}" onto public java.lang.Object org.springframework.boot.actuate.endpoint.web.servlet.AbstractWebMvcEndpointHandlerMapping$OperationHandler.handle(javax.servlet.http.HttpServletRequest,java.util.Map<java.lang.String, java.lang.String>)
2018-Aug-24 00:07:02.132 INFO  [restartedMain] o.s.b.a.e.w.s.WebMvcEndpointHandlerMapping - Mapped "{[/actuator/env],methods=[GET],produces=[application/vnd.spring-boot.actuator.v2+json || application/json]}" onto public java.lang.Object org.springframework.boot.actuate.endpoint.web.servlet.AbstractWebMvcEndpointHandlerMapping$OperationHandler.handle(javax.servlet.http.HttpServletRequest,java.util.Map<java.lang.String, java.lang.String>)
2018-Aug-24 00:07:02.134 INFO  [restartedMain] o.s.b.a.e.w.s.WebMvcEndpointHandlerMapping - Mapped "{[/actuator/env/{toMatch}],methods=[GET],produces=[application/vnd.spring-boot.actuator.v2+json || application/json]}" onto public java.lang.Object org.springframework.boot.actuate.endpoint.web.servlet.AbstractWebMvcEndpointHandlerMapping$OperationHandler.handle(javax.servlet.http.HttpServletRequest,java.util.Map<java.lang.String, java.lang.String>)
2018-Aug-24 00:07:02.135 INFO  [restartedMain] o.s.b.a.e.w.s.WebMvcEndpointHandlerMapping - Mapped "{[/actuator/info],methods=[GET],produces=[application/vnd.spring-boot.actuator.v2+json || application/json]}" onto public java.lang.Object org.springframework.boot.actuate.endpoint.web.servlet.AbstractWebMvcEndpointHandlerMapping$OperationHandler.handle(javax.servlet.http.HttpServletRequest,java.util.Map<java.lang.String, java.lang.String>)
2018-Aug-24 00:07:02.136 INFO  [restartedMain] o.s.b.a.e.w.s.WebMvcEndpointHandlerMapping - Mapped "{[/actuator/logfile],methods=[GET],produces=[application/octet-stream]}" onto public java.lang.Object org.springframework.boot.actuate.endpoint.web.servlet.AbstractWebMvcEndpointHandlerMapping$OperationHandler.handle(javax.servlet.http.HttpServletRequest,java.util.Map<java.lang.String, java.lang.String>)
2018-Aug-24 00:07:02.138 INFO  [restartedMain] o.s.b.a.e.w.s.WebMvcEndpointHandlerMapping - Mapped "{[/actuator/loggers],methods=[GET],produces=[application/vnd.spring-boot.actuator.v2+json || application/json]}" onto public java.lang.Object org.springframework.boot.actuate.endpoint.web.servlet.AbstractWebMvcEndpointHandlerMapping$OperationHandler.handle(javax.servlet.http.HttpServletRequest,java.util.Map<java.lang.String, java.lang.String>)
2018-Aug-24 00:07:02.139 INFO  [restartedMain] o.s.b.a.e.w.s.WebMvcEndpointHandlerMapping - Mapped "{[/actuator/loggers/{name}],methods=[GET],produces=[application/vnd.spring-boot.actuator.v2+json || application/json]}" onto public java.lang.Object org.springframework.boot.actuate.endpoint.web.servlet.AbstractWebMvcEndpointHandlerMapping$OperationHandler.handle(javax.servlet.http.HttpServletRequest,java.util.Map<java.lang.String, java.lang.String>)
2018-Aug-24 00:07:02.140 INFO  [restartedMain] o.s.b.a.e.w.s.WebMvcEndpointHandlerMapping - Mapped "{[/actuator/loggers/{name}],methods=[POST],consumes=[application/vnd.spring-boot.actuator.v2+json || application/json]}" onto public java.lang.Object org.springframework.boot.actuate.endpoint.web.servlet.AbstractWebMvcEndpointHandlerMapping$OperationHandler.handle(javax.servlet.http.HttpServletRequest,java.util.Map<java.lang.String, java.lang.String>)
2018-Aug-24 00:07:02.140 INFO  [restartedMain] o.s.b.a.e.w.s.WebMvcEndpointHandlerMapping - Mapped "{[/actuator/heapdump],methods=[GET],produces=[application/octet-stream]}" onto public java.lang.Object org.springframework.boot.actuate.endpoint.web.servlet.AbstractWebMvcEndpointHandlerMapping$OperationHandler.handle(javax.servlet.http.HttpServletRequest,java.util.Map<java.lang.String, java.lang.String>)
2018-Aug-24 00:07:02.141 INFO  [restartedMain] o.s.b.a.e.w.s.WebMvcEndpointHandlerMapping - Mapped "{[/actuator/threaddump],methods=[GET],produces=[application/vnd.spring-boot.actuator.v2+json || application/json]}" onto public java.lang.Object org.springframework.boot.actuate.endpoint.web.servlet.AbstractWebMvcEndpointHandlerMapping$OperationHandler.handle(javax.servlet.http.HttpServletRequest,java.util.Map<java.lang.String, java.lang.String>)
2018-Aug-24 00:07:02.142 INFO  [restartedMain] o.s.b.a.e.w.s.WebMvcEndpointHandlerMapping - Mapped "{[/actuator/metrics],methods=[GET],produces=[application/vnd.spring-boot.actuator.v2+json || application/json]}" onto public java.lang.Object org.springframework.boot.actuate.endpoint.web.servlet.AbstractWebMvcEndpointHandlerMapping$OperationHandler.handle(javax.servlet.http.HttpServletRequest,java.util.Map<java.lang.String, java.lang.String>)
2018-Aug-24 00:07:02.143 INFO  [restartedMain] o.s.b.a.e.w.s.WebMvcEndpointHandlerMapping - Mapped "{[/actuator/metrics/{requiredMetricName}],methods=[GET],produces=[application/vnd.spring-boot.actuator.v2+json || application/json]}" onto public java.lang.Object org.springframework.boot.actuate.endpoint.web.servlet.AbstractWebMvcEndpointHandlerMapping$OperationHandler.handle(javax.servlet.http.HttpServletRequest,java.util.Map<java.lang.String, java.lang.String>)
2018-Aug-24 00:07:02.144 INFO  [restartedMain] o.s.b.a.e.w.s.WebMvcEndpointHandlerMapping - Mapped "{[/actuator/scheduledtasks],methods=[GET],produces=[application/vnd.spring-boot.actuator.v2+json || application/json]}" onto public java.lang.Object org.springframework.boot.actuate.endpoint.web.servlet.AbstractWebMvcEndpointHandlerMapping$OperationHandler.handle(javax.servlet.http.HttpServletRequest,java.util.Map<java.lang.String, java.lang.String>)
2018-Aug-24 00:07:02.145 INFO  [restartedMain] o.s.b.a.e.w.s.WebMvcEndpointHandlerMapping - Mapped "{[/actuator/httptrace],methods=[GET],produces=[application/vnd.spring-boot.actuator.v2+json || application/json]}" onto public java.lang.Object org.springframework.boot.actuate.endpoint.web.servlet.AbstractWebMvcEndpointHandlerMapping$OperationHandler.handle(javax.servlet.http.HttpServletRequest,java.util.Map<java.lang.String, java.lang.String>)
2018-Aug-24 00:07:02.146 INFO  [restartedMain] o.s.b.a.e.w.s.WebMvcEndpointHandlerMapping - Mapped "{[/actuator/mappings],methods=[GET],produces=[application/vnd.spring-boot.actuator.v2+json || application/json]}" onto public java.lang.Object org.springframework.boot.actuate.endpoint.web.servlet.AbstractWebMvcEndpointHandlerMapping$OperationHandler.handle(javax.servlet.http.HttpServletRequest,java.util.Map<java.lang.String, java.lang.String>)
2018-Aug-24 00:07:02.147 INFO  [restartedMain] o.s.b.a.e.w.s.WebMvcEndpointHandlerMapping - Mapped "{[/actuator],methods=[GET],produces=[application/vnd.spring-boot.actuator.v2+json || application/json]}" onto protected java.util.Map<java.lang.String, java.util.Map<java.lang.String, org.springframework.boot.actuate.endpoint.web.Link>> org.springframework.boot.actuate.endpoint.web.servlet.WebMvcEndpointHandlerMapping.links(javax.servlet.http.HttpServletRequest,javax.servlet.http.HttpServletResponse)
2018-Aug-24 00:07:02.231 INFO  [restartedMain] o.s.j.e.a.AnnotationMBeanExporter - Registering beans for JMX exposure on startup
2018-Aug-24 00:07:02.278 INFO  [restartedMain] o.s.b.w.e.t.TomcatWebServer - Tomcat started on port(s): 8080 (http) with context path ''
2018-Aug-24 00:07:02.281 INFO  [restartedMain] c.t.SpringBootLearning - Started SpringBootLearning in 1.935 seconds (JVM running for 63.092)
2018-Aug-24 00:07:02.289 INFO  [restartedMain] o.s.b.d.a.ConditionEvaluationDeltaLoggingListener - Condition evaluation unchanged
2018-Aug-24 00:07:04.209 INFO  [RMI TCP Connection(2)-127.0.0.1] o.s.b.a.SpringApplicationAdminMXBeanRegistrar$SpringApplicationAdmin - Application shutdown requested.
2018-Aug-24 00:07:04.211 INFO  [RMI TCP Connection(2)-127.0.0.1] o.s.b.w.s.c.AnnotationConfigServletWebServerApplicationContext - Closing org.springframework.boot.web.servlet.context.AnnotationConfigServletWebServerApplicationContext@6a0398d9: startup date [Fri Aug 24 00:07:00 IST 2018]; root of context hierarchy
2018-Aug-24 00:07:04.217 INFO  [RMI TCP Connection(2)-127.0.0.1] o.s.j.e.a.AnnotationMBeanExporter - Unregistering JMX-exposed beans on shutdown
2018-Aug-24 00:07:09.330 INFO  [restartedMain] c.t.SpringBootLearning - Starting SpringBootLearning on DESKTOP-98BAMO0 with PID 2076 (F:\sts-workspace\spring-boot-sample\spring-boot-sample\target\classes started by tech prudent in F:\sts-workspace\spring-boot-sample\spring-boot-sample)
2018-Aug-24 00:07:09.334 INFO  [restartedMain] c.t.SpringBootLearning - The following profiles are active: dev
2018-Aug-24 00:07:09.423 INFO  [restartedMain] o.s.b.w.s.c.AnnotationConfigServletWebServerApplicationContext - Refreshing org.springframework.boot.web.servlet.context.AnnotationConfigServletWebServerApplicationContext@6c1ee739: startup date [Fri Aug 24 00:07:09 IST 2018]; root of context hierarchy
2018-Aug-24 00:07:12.504 INFO  [restartedMain] o.s.b.w.e.t.TomcatWebServer - Tomcat initialized with port(s): 8080 (http)
2018-Aug-24 00:07:12.555 INFO  [restartedMain] o.a.c.c.StandardService - Starting service [Tomcat]
2018-Aug-24 00:07:12.556 INFO  [restartedMain] o.a.c.c.StandardEngine - Starting Servlet Engine: Apache Tomcat/8.5.32
2018-Aug-24 00:07:12.568 INFO  [localhost-startStop-1] o.a.c.c.AprLifecycleListener - The APR based Apache Tomcat Native library which allows optimal performance in production environments was not found on the java.library.path: [C:\Program Files\Java\jdk1.8.0_181\bin;C:\Windows\Sun\Java\bin;C:\Windows\system32;C:\Windows;C:/Program Files/Java/jre1.8.0_181/bin/server;C:/Program Files/Java/jre1.8.0_181/bin;C:/Program Files/Java/jre1.8.0_181/lib/amd64;C:\Program Files (x86)\Common Files\Oracle\Java\javapath;C:\Windows\system32;C:\Windows;C:\Windows\System32\Wbem;C:\Windows\System32\WindowsPowerShell\v1.0\;C:\spring-roo-2.0.0.RELEASE\bin;C:\apache-maven-3.5.4\bin;C:\Program Files\Git\cmd; C:\Program Files\Java\jdk1.8.0_181\bin;C:\spring-boot-cli-2.0.4.RELEASE-bin\spring-2.0.4.RELEASE\bin;;F:\software\sts-bundle\sts-3.9.5.RELEASE;;.]
2018-Aug-24 00:07:12.853 INFO  [localhost-startStop-1] o.a.c.c.C.[.[.[/] - Initializing Spring embedded WebApplicationContext
2018-Aug-24 00:07:12.855 INFO  [localhost-startStop-1] o.s.w.c.ContextLoader - Root WebApplicationContext: initialization completed in 3432 ms
2018-Aug-24 00:07:14.175 INFO  [localhost-startStop-1] o.s.b.w.s.FilterRegistrationBean - Mapping filter: 'characterEncodingFilter' to: [/*]
2018-Aug-24 00:07:14.176 INFO  [localhost-startStop-1] o.s.b.w.s.FilterRegistrationBean - Mapping filter: 'webMvcMetricsFilter' to: [/*]
2018-Aug-24 00:07:14.177 INFO  [localhost-startStop-1] o.s.b.w.s.FilterRegistrationBean - Mapping filter: 'hiddenHttpMethodFilter' to: [/*]
2018-Aug-24 00:07:14.177 INFO  [localhost-startStop-1] o.s.b.w.s.FilterRegistrationBean - Mapping filter: 'httpPutFormContentFilter' to: [/*]
2018-Aug-24 00:07:14.177 INFO  [localhost-startStop-1] o.s.b.w.s.FilterRegistrationBean - Mapping filter: 'requestContextFilter' to: [/*]
2018-Aug-24 00:07:14.180 INFO  [localhost-startStop-1] o.s.b.w.s.DelegatingFilterProxyRegistrationBean - Mapping filter: 'springSecurityFilterChain' to: [/*]
2018-Aug-24 00:07:14.180 INFO  [localhost-startStop-1] o.s.b.w.s.FilterRegistrationBean - Mapping filter: 'httpTraceFilter' to: [/*]
2018-Aug-24 00:07:14.180 INFO  [localhost-startStop-1] o.s.b.w.s.ServletRegistrationBean - Servlet dispatcherServlet mapped to [/]
2018-Aug-24 00:07:14.255 INFO  [restartedMain] c.t.log.LogTest - 

2018-Aug-24 00:07:14.255 INFO  [restartedMain] c.t.log.LogTest - INFO Message
2018-Aug-24 00:07:14.255 WARN  [restartedMain] c.t.log.LogTest - WARN Message
2018-Aug-24 00:07:14.256 ERROR [restartedMain] c.t.log.LogTest - ERROR Message
2018-Aug-24 00:07:14.256 INFO  [restartedMain] c.t.log.LogTest - 

2018-Aug-24 00:07:14.827 INFO  [restartedMain] o.s.s.w.DefaultSecurityFilterChain - Creating filter chain: org.springframework.security.web.util.matcher.AnyRequestMatcher@1, [org.springframework.security.web.context.request.async.WebAsyncManagerIntegrationFilter@3c996a34, org.springframework.security.web.context.SecurityContextPersistenceFilter@4f0dd8ec, org.springframework.security.web.header.HeaderWriterFilter@6fbd851, org.springframework.security.web.csrf.CsrfFilter@554fe258, org.springframework.security.web.authentication.logout.LogoutFilter@585aca3c, org.springframework.security.web.savedrequest.RequestCacheAwareFilter@72e4fb53, org.springframework.security.web.servletapi.SecurityContextHolderAwareRequestFilter@78ec1ce5, org.springframework.security.web.authentication.AnonymousAuthenticationFilter@27db74c7, org.springframework.security.web.session.SessionManagementFilter@34559ace, org.springframework.security.web.access.ExceptionTranslationFilter@2a4db4b6, org.springframework.security.web.access.intercept.FilterSecurityInterceptor@669fff42]
2018-Aug-24 00:07:14.988 INFO  [restartedMain] o.s.w.s.h.SimpleUrlHandlerMapping - Mapped URL path [/**/favicon.ico] onto handler of type [class org.springframework.web.servlet.resource.ResourceHttpRequestHandler]
2018-Aug-24 00:07:15.506 INFO  [restartedMain] o.s.w.s.m.m.a.RequestMappingHandlerAdapter - Looking for @ControllerAdvice: org.springframework.boot.web.servlet.context.AnnotationConfigServletWebServerApplicationContext@6c1ee739: startup date [Fri Aug 24 00:07:09 IST 2018]; root of context hierarchy
2018-Aug-24 00:07:15.619 INFO  [restartedMain] o.s.w.s.m.m.a.RequestMappingHandlerMapping - Mapped "{[/test/get],methods=[GET]}" onto java.lang.String com.techprudent.controller.TestController.get()
2018-Aug-24 00:07:15.623 INFO  [restartedMain] o.s.w.s.m.m.a.RequestMappingHandlerMapping - Mapped "{[/test/advice],methods=[GET]}" onto org.springframework.http.ResponseEntity<java.lang.String> com.techprudent.controller.TestController.getAdvice()
2018-Aug-24 00:07:15.626 INFO  [restartedMain] o.s.w.s.m.m.a.RequestMappingHandlerMapping - Mapped "{[/security/test],methods=[GET]}" onto java.lang.String com.techprudent.security.SecurityController.doSecurityTest()
2018-Aug-24 00:07:15.636 INFO  [restartedMain] o.s.w.s.m.m.a.RequestMappingHandlerMapping - Mapped "{[/error]}" onto public org.springframework.http.ResponseEntity<java.util.Map<java.lang.String, java.lang.Object>> org.springframework.boot.autoconfigure.web.servlet.error.BasicErrorController.error(javax.servlet.http.HttpServletRequest)
2018-Aug-24 00:07:15.638 INFO  [restartedMain] o.s.w.s.m.m.a.RequestMappingHandlerMapping - Mapped "{[/error],produces=[text/html]}" onto public org.springframework.web.servlet.ModelAndView org.springframework.boot.autoconfigure.web.servlet.error.BasicErrorController.errorHtml(javax.servlet.http.HttpServletRequest,javax.servlet.http.HttpServletResponse)
2018-Aug-24 00:07:15.703 INFO  [restartedMain] o.s.w.s.h.SimpleUrlHandlerMapping - Mapped URL path [/webjars/**] onto handler of type [class org.springframework.web.servlet.resource.ResourceHttpRequestHandler]
2018-Aug-24 00:07:15.703 INFO  [restartedMain] o.s.w.s.h.SimpleUrlHandlerMapping - Mapped URL path [/**] onto handler of type [class org.springframework.web.servlet.resource.ResourceHttpRequestHandler]
2018-Aug-24 00:07:15.739 INFO  [restartedMain] o.s.w.s.m.m.a.ExceptionHandlerExceptionResolver - Detected @ExceptionHandler methods in testRestControllerAdvice
2018-Aug-24 00:07:16.345 INFO  [restartedMain] o.s.b.d.a.OptionalLiveReloadServer - LiveReload server is running on port 35729
2018-Aug-24 00:07:16.371 INFO  [restartedMain] o.s.b.a.e.w.EndpointLinksResolver - Exposing 15 endpoint(s) beneath base path '/actuator'
2018-Aug-24 00:07:16.391 INFO  [restartedMain] o.s.b.a.e.w.s.WebMvcEndpointHandlerMapping - Mapped "{[/actuator/auditevents],methods=[GET],produces=[application/vnd.spring-boot.actuator.v2+json || application/json]}" onto public java.lang.Object org.springframework.boot.actuate.endpoint.web.servlet.AbstractWebMvcEndpointHandlerMapping$OperationHandler.handle(javax.servlet.http.HttpServletRequest,java.util.Map<java.lang.String, java.lang.String>)
2018-Aug-24 00:07:16.393 INFO  [restartedMain] o.s.b.a.e.w.s.WebMvcEndpointHandlerMapping - Mapped "{[/actuator/beans],methods=[GET],produces=[application/vnd.spring-boot.actuator.v2+json || application/json]}" onto public java.lang.Object org.springframework.boot.actuate.endpoint.web.servlet.AbstractWebMvcEndpointHandlerMapping$OperationHandler.handle(javax.servlet.http.HttpServletRequest,java.util.Map<java.lang.String, java.lang.String>)
2018-Aug-24 00:07:16.394 INFO  [restartedMain] o.s.b.a.e.w.s.WebMvcEndpointHandlerMapping - Mapped "{[/actuator/health],methods=[GET],produces=[application/vnd.spring-boot.actuator.v2+json || application/json]}" onto public java.lang.Object org.springframework.boot.actuate.endpoint.web.servlet.AbstractWebMvcEndpointHandlerMapping$OperationHandler.handle(javax.servlet.http.HttpServletRequest,java.util.Map<java.lang.String, java.lang.String>)
2018-Aug-24 00:07:16.395 INFO  [restartedMain] o.s.b.a.e.w.s.WebMvcEndpointHandlerMapping - Mapped "{[/actuator/conditions],methods=[GET],produces=[application/vnd.spring-boot.actuator.v2+json || application/json]}" onto public java.lang.Object org.springframework.boot.actuate.endpoint.web.servlet.AbstractWebMvcEndpointHandlerMapping$OperationHandler.handle(javax.servlet.http.HttpServletRequest,java.util.Map<java.lang.String, java.lang.String>)
2018-Aug-24 00:07:16.396 INFO  [restartedMain] o.s.b.a.e.w.s.WebMvcEndpointHandlerMapping - Mapped "{[/actuator/configprops],methods=[GET],produces=[application/vnd.spring-boot.actuator.v2+json || application/json]}" onto public java.lang.Object org.springframework.boot.actuate.endpoint.web.servlet.AbstractWebMvcEndpointHandlerMapping$OperationHandler.handle(javax.servlet.http.HttpServletRequest,java.util.Map<java.lang.String, java.lang.String>)
2018-Aug-24 00:07:16.396 INFO  [restartedMain] o.s.b.a.e.w.s.WebMvcEndpointHandlerMapping - Mapped "{[/actuator/env],methods=[GET],produces=[application/vnd.spring-boot.actuator.v2+json || application/json]}" onto public java.lang.Object org.springframework.boot.actuate.endpoint.web.servlet.AbstractWebMvcEndpointHandlerMapping$OperationHandler.handle(javax.servlet.http.HttpServletRequest,java.util.Map<java.lang.String, java.lang.String>)
2018-Aug-24 00:07:16.397 INFO  [restartedMain] o.s.b.a.e.w.s.WebMvcEndpointHandlerMapping - Mapped "{[/actuator/env/{toMatch}],methods=[GET],produces=[application/vnd.spring-boot.actuator.v2+json || application/json]}" onto public java.lang.Object org.springframework.boot.actuate.endpoint.web.servlet.AbstractWebMvcEndpointHandlerMapping$OperationHandler.handle(javax.servlet.http.HttpServletRequest,java.util.Map<java.lang.String, java.lang.String>)
2018-Aug-24 00:07:16.398 INFO  [restartedMain] o.s.b.a.e.w.s.WebMvcEndpointHandlerMapping - Mapped "{[/actuator/info],methods=[GET],produces=[application/vnd.spring-boot.actuator.v2+json || application/json]}" onto public java.lang.Object org.springframework.boot.actuate.endpoint.web.servlet.AbstractWebMvcEndpointHandlerMapping$OperationHandler.handle(javax.servlet.http.HttpServletRequest,java.util.Map<java.lang.String, java.lang.String>)
2018-Aug-24 00:07:16.399 INFO  [restartedMain] o.s.b.a.e.w.s.WebMvcEndpointHandlerMapping - Mapped "{[/actuator/logfile],methods=[GET],produces=[application/octet-stream]}" onto public java.lang.Object org.springframework.boot.actuate.endpoint.web.servlet.AbstractWebMvcEndpointHandlerMapping$OperationHandler.handle(javax.servlet.http.HttpServletRequest,java.util.Map<java.lang.String, java.lang.String>)
2018-Aug-24 00:07:16.399 INFO  [restartedMain] o.s.b.a.e.w.s.WebMvcEndpointHandlerMapping - Mapped "{[/actuator/loggers],methods=[GET],produces=[application/vnd.spring-boot.actuator.v2+json || application/json]}" onto public java.lang.Object org.springframework.boot.actuate.endpoint.web.servlet.AbstractWebMvcEndpointHandlerMapping$OperationHandler.handle(javax.servlet.http.HttpServletRequest,java.util.Map<java.lang.String, java.lang.String>)
2018-Aug-24 00:07:16.400 INFO  [restartedMain] o.s.b.a.e.w.s.WebMvcEndpointHandlerMapping - Mapped "{[/actuator/loggers/{name}],methods=[GET],produces=[application/vnd.spring-boot.actuator.v2+json || application/json]}" onto public java.lang.Object org.springframework.boot.actuate.endpoint.web.servlet.AbstractWebMvcEndpointHandlerMapping$OperationHandler.handle(javax.servlet.http.HttpServletRequest,java.util.Map<java.lang.String, java.lang.String>)
2018-Aug-24 00:07:16.401 INFO  [restartedMain] o.s.b.a.e.w.s.WebMvcEndpointHandlerMapping - Mapped "{[/actuator/loggers/{name}],methods=[POST],consumes=[application/vnd.spring-boot.actuator.v2+json || application/json]}" onto public java.lang.Object org.springframework.boot.actuate.endpoint.web.servlet.AbstractWebMvcEndpointHandlerMapping$OperationHandler.handle(javax.servlet.http.HttpServletRequest,java.util.Map<java.lang.String, java.lang.String>)
2018-Aug-24 00:07:16.402 INFO  [restartedMain] o.s.b.a.e.w.s.WebMvcEndpointHandlerMapping - Mapped "{[/actuator/heapdump],methods=[GET],produces=[application/octet-stream]}" onto public java.lang.Object org.springframework.boot.actuate.endpoint.web.servlet.AbstractWebMvcEndpointHandlerMapping$OperationHandler.handle(javax.servlet.http.HttpServletRequest,java.util.Map<java.lang.String, java.lang.String>)
2018-Aug-24 00:07:16.403 INFO  [restartedMain] o.s.b.a.e.w.s.WebMvcEndpointHandlerMapping - Mapped "{[/actuator/threaddump],methods=[GET],produces=[application/vnd.spring-boot.actuator.v2+json || application/json]}" onto public java.lang.Object org.springframework.boot.actuate.endpoint.web.servlet.AbstractWebMvcEndpointHandlerMapping$OperationHandler.handle(javax.servlet.http.HttpServletRequest,java.util.Map<java.lang.String, java.lang.String>)
2018-Aug-24 00:07:16.403 INFO  [restartedMain] o.s.b.a.e.w.s.WebMvcEndpointHandlerMapping - Mapped "{[/actuator/metrics/{requiredMetricName}],methods=[GET],produces=[application/vnd.spring-boot.actuator.v2+json || application/json]}" onto public java.lang.Object org.springframework.boot.actuate.endpoint.web.servlet.AbstractWebMvcEndpointHandlerMapping$OperationHandler.handle(javax.servlet.http.HttpServletRequest,java.util.Map<java.lang.String, java.lang.String>)
2018-Aug-24 00:07:16.404 INFO  [restartedMain] o.s.b.a.e.w.s.WebMvcEndpointHandlerMapping - Mapped "{[/actuator/metrics],methods=[GET],produces=[application/vnd.spring-boot.actuator.v2+json || application/json]}" onto public java.lang.Object org.springframework.boot.actuate.endpoint.web.servlet.AbstractWebMvcEndpointHandlerMapping$OperationHandler.handle(javax.servlet.http.HttpServletRequest,java.util.Map<java.lang.String, java.lang.String>)
2018-Aug-24 00:07:16.404 INFO  [restartedMain] o.s.b.a.e.w.s.WebMvcEndpointHandlerMapping - Mapped "{[/actuator/scheduledtasks],methods=[GET],produces=[application/vnd.spring-boot.actuator.v2+json || application/json]}" onto public java.lang.Object org.springframework.boot.actuate.endpoint.web.servlet.AbstractWebMvcEndpointHandlerMapping$OperationHandler.handle(javax.servlet.http.HttpServletRequest,java.util.Map<java.lang.String, java.lang.String>)
2018-Aug-24 00:07:16.405 INFO  [restartedMain] o.s.b.a.e.w.s.WebMvcEndpointHandlerMapping - Mapped "{[/actuator/httptrace],methods=[GET],produces=[application/vnd.spring-boot.actuator.v2+json || application/json]}" onto public java.lang.Object org.springframework.boot.actuate.endpoint.web.servlet.AbstractWebMvcEndpointHandlerMapping$OperationHandler.handle(javax.servlet.http.HttpServletRequest,java.util.Map<java.lang.String, java.lang.String>)
2018-Aug-24 00:07:16.406 INFO  [restartedMain] o.s.b.a.e.w.s.WebMvcEndpointHandlerMapping - Mapped "{[/actuator/mappings],methods=[GET],produces=[application/vnd.spring-boot.actuator.v2+json || application/json]}" onto public java.lang.Object org.springframework.boot.actuate.endpoint.web.servlet.AbstractWebMvcEndpointHandlerMapping$OperationHandler.handle(javax.servlet.http.HttpServletRequest,java.util.Map<java.lang.String, java.lang.String>)
2018-Aug-24 00:07:16.407 INFO  [restartedMain] o.s.b.a.e.w.s.WebMvcEndpointHandlerMapping - Mapped "{[/actuator],methods=[GET],produces=[application/vnd.spring-boot.actuator.v2+json || application/json]}" onto protected java.util.Map<java.lang.String, java.util.Map<java.lang.String, org.springframework.boot.actuate.endpoint.web.Link>> org.springframework.boot.actuate.endpoint.web.servlet.WebMvcEndpointHandlerMapping.links(javax.servlet.http.HttpServletRequest,javax.servlet.http.HttpServletResponse)
2018-Aug-24 00:07:16.526 INFO  [restartedMain] o.s.j.e.a.AnnotationMBeanExporter - Registering beans for JMX exposure on startup
2018-Aug-24 00:07:16.622 INFO  [restartedMain] o.s.b.w.e.t.TomcatWebServer - Tomcat started on port(s): 8080 (http) with context path ''
2018-Aug-24 00:07:16.631 INFO  [restartedMain] c.t.SpringBootLearning - Started SpringBootLearning in 8.016 seconds (JVM running for 10.27)
2018-Aug-24 00:07:38.478 INFO  [RMI TCP Connection(2)-127.0.0.1] o.s.b.a.SpringApplicationAdminMXBeanRegistrar$SpringApplicationAdmin - Application shutdown requested.
2018-Aug-24 00:07:38.479 INFO  [RMI TCP Connection(2)-127.0.0.1] o.s.b.w.s.c.AnnotationConfigServletWebServerApplicationContext - Closing org.springframework.boot.web.servlet.context.AnnotationConfigServletWebServerApplicationContext@6c1ee739: startup date [Fri Aug 24 00:07:09 IST 2018]; root of context hierarchy
2018-Aug-24 00:07:38.489 INFO  [RMI TCP Connection(2)-127.0.0.1] o.s.j.e.a.AnnotationMBeanExporter - Unregistering JMX-exposed beans on shutdown
